<?xml version="1.0" encoding="UTF-8"?>
<testng-results ignored="0" total="1" passed="1" failed="0" skipped="0">
  <reporter-output>
  </reporter-output>
  <suite started-at="2023-05-30T12:57:52 IST" name="Default suite" finished-at="2023-05-30T12:57:54 IST" duration-ms="2199">
    <groups>
    </groups>
    <test started-at="2023-05-30T12:57:52 IST" name="Default test" finished-at="2023-05-30T12:57:54 IST" duration-ms="2199">
      <class name="APITesting.Api2">
        <test-method signature="api()[pri:0, instance:APITesting.Api2@63a12c68]" started-at="2023-05-30T12:57:52 IST" name="api" finished-at="2023-05-30T12:57:54 IST" duration-ms="2170" status="PASS">
          <reporter-output>
          </reporter-output>
        </test-method> <!-- api -->
      </class> <!-- APITesting.Api2 -->
    </test> <!-- Default test -->
  </suite> <!-- Default suite -->
</testng-results>
